
=== Orquestrador v4.3: 5 tarefas, 2 dev + 1 reviewers ===
[0s] ✉ T001 → pane 1 (back-1)
[0s] ✉ T003 → pane 2 (front-1)
[8s] 🔄 T001 processando (pane 1)
[8s] 🔄 T003 processando (pane 2)
[14s] ✅ T001 concluída (pane 1, 14s)
[14s] ✉ T002 → pane 1 (back-1)
[14s] 📝 Review T001 → R1
[14s] 📄 Contexto dev T001 → documenter
[26s] 🔄 T002 processando (pane 1)
[26s] ✅ T003 concluída (pane 2, 26s)
[26s] ✉ T004 → pane 2 (front-1)
[32s] 🔄 T004 processando (pane 2)
[32s] 📄 Contexto dev T001 lido
[32s] 📄 Contexto dev T003 → documenter
[37s] ✅ T002 concluída (pane 1, 23s)
[43s] ✅ T004 concluída (pane 2, 17s)
[43s] ✉ T005 → pane 2 (front-1)
[49s] 🔄 T005 processando (pane 2)
[55s] 📄 Contexto dev T003 lido
[55s] 📄 Contexto dev T002 → documenter
[66s] 📝 Review T001 concluída (R1)
[66s] 📝 Review T003 → R1
[66s] 📄 Contexto dev T002 lido
[66s] 📄 Contexto dev T004 → documenter
[80s] 📄 Contexto dev T004 lido
[80s] 📄 Contexto review T001 → documenter
[85s] 📝 Review T003 concluída (R1)
[85s] 📝 Review T002 → R1
[99s] 📄 Contexto review T001 lido
[99s] 📄 Contexto review T003 → documenter
[105s] 📝 Review T002 concluída (R1)
[105s] 📝 Review T004 → R1
[113s] 📄 Contexto review T003 lido
[113s] 📄 Contexto review T002 → documenter
[122s] 📄 Contexto review T002 lido
[125s] 📝 Review T004 concluída (R1)
[125s] 📄 Contexto review T004 → documenter
[135s] ✅ T005 concluída (pane 2, 92s)
[135s] 📝 Review T005 → R1
[141s] 📄 Contexto review T004 lido
[144s] 📄 Contexto dev T005 → documenter
[158s] 📝 Review T005 concluída (R1)
[158s] 🧪 FASE 1 iniciada
[158s] 📄 Contexto dev T005 lido
[158s] 📄 DOC-DEV iniciado
[177s] 🧪 FASE 1 concluída
[177s] 🧪 FASE 2 iniciada
[238s] 📄 DOC-dev concluído
[241s] 📄 Contexto review T005 → documenter
[250s] 📄 Contexto review T005 lido
[250s] 📄 DOC-REVIEW iniciado
[281s] 📄 DOC-review concluído
[334s] 🧪 FASE 2 concluída
[334s] 🧪 FASE 3 iniciada
[457s] 🧪 FASE 3 concluída
[457s] 🧪 CONCLUÍDO
[457s] 📄 DOC-TESTER iniciado
[513s] 📄 DOC-tester concluído
[516s] 📄 DOC-GERAL iniciado
[580s] 📄 DOC-geral concluído

━━━━━━━━━━━━━━━━━━━━━━━━━━━━━━━━━━━━━━━━━━━━━━━━━
  ✅ CONCLUÍDO em 580s (9m40s)
━━━━━━━━━━━━━━━━━━━━━━━━━━━━━━━━━━━━━━━━━━━━━━━━━

=== Tempo por tarefa ===
  T001 (pane 1): 14s
  T002 (pane 1): 23s
  T003 (pane 2): 26s
  T004 (pane 2): 17s
  T005 (pane 2): 92s

Arquivos: Backend=11 Frontend=26 Total=37
